<?xml version="1.0" encoding="UTF-8"?><testsuite errors="1" failures="0" name="Academy Choucair" skipped="0" tests="1" time="1.61" timestamp="2021-02-24 01:33:19"><testcase name="Add automated product to shopping cart"><error message="Arity mismatch: Step Definition 'co.com.choucair.certification.proyectobase.stepdefinitions.uTestStepDefinitions.roseWantsToRegisterOnThePlatformQuickly() in file:/H:/Choucair%20Pruebas/RetoChoucair%20-%20copia/build/classes/java/test/' with pattern [^Rose wants to register on the platform quickly$] is declared with 0 parameters. However, the gherkin step has 1 arguments [Table:[[strEmail, strPassword], [vanesa089-8@hotmai.com, Choucair1*]]]. &#10;Step text: Rose wants to register on the platform quickly" type="cucumber.runtime.CucumberException">Arity mismatch: Step Definition 'co.com.choucair.certification.proyectobase.stepdefinitions.uTestStepDefinitions.roseWantsToRegisterOnThePlatformQuickly() in file:/H:/Choucair%20Pruebas/RetoChoucair%20-%20copia/build/classes/java/test/' with pattern [^Rose wants to register on the platform quickly$] is declared with 0 parameters. However, the gherkin step has 1 arguments [Table:[[strEmail, strPassword], [vanesa089-8@hotmai.com, Choucair1*]]]. 
Step text: Rose wants to register on the platform quickly</error><system-err>Arity mismatch: Step Definition 'co.com.choucair.certification.proyectobase.stepdefinitions.uTestStepDefinitions.roseWantsToRegisterOnThePlatformQuickly() in file:/H:/Choucair%20Pruebas/RetoChoucair%20-%20copia/build/classes/java/test/' with pattern [^Rose wants to register on the platform quickly$] is declared with 0 parameters. However, the gherkin step has 1 arguments [Table:[[strEmail, strPassword], [vanesa089-8@hotmai.com, Choucair1*]]]. 
Step text: Rose wants to register on the platform quickly&#13;
cucumber.runner.Runner.runPickle(Runner.java:80)&#13;
</system-err></testcase></testsuite>